빌드 시작: 2015-06-26 오전 7:31:43
     1>2 노드의 "C:\C++\kangsia\ParSPH\ParSPH\ParSPH.vcxproj" 프로젝트(Build 대상)입니다.
     1>ClCompile:
         C:\Program Files (x86)\Microsoft Visual Studio 11.0\VC\bin\CL.exe /c /IC:\C++\kangsia\common\inc\parSPH /I"C:\Program Files\NVIDIA GPU Computing Toolkit\CUDA\v6.5\include" /I"C:\ProgramData\NVIDIA Corporation\CUDA Samples\v6.5\common\inc" /I"C:\Program Files\NVIDIA GPU Computing Toolkit\CUDA\v6.5\include" /Zi /nologo /W3 /WX- /O2 /Oi /Oy- /GL /D _USE_MATH_DEFINES /D WIN32 /D NDEBUG /D _CONSOLE /D _UNICODE /D UNICODE /Gm- /EHsc /MD /GS /Gy /fp:precise /Zc:wchar_t /Zc:forScope /Fo"Release\\" /Fd"Release\vc110.pdb" /Gd /TP /analyze- /errorReport:prompt ..\..\common\source\parSPH\sphydrodynamcis.cpp
         sphydrodynamcis.cpp
       Link:
         C:\Program Files (x86)\Microsoft Visual Studio 11.0\VC\bin\link.exe /ERRORREPORT:PROMPT /OUT:"C:\C++\kangsia\ParSPH\Release\ParSPH.exe" /INCREMENTAL:NO /NOLOGO /LIBPATH:C:\C++\kangsia\lib /LIBPATH:"C:\Program Files\NVIDIA GPU Computing Toolkit\CUDA\v6.5\lib\Win32" /LIBPATH:"C:\Program Files\NVIDIA GPU Computing Toolkit\CUDA\v6.5\lib\Win32" cublas.lib cudart.lib kernel32.lib user32.lib gdi32.lib winspool.lib comdlg32.lib advapi32.lib shell32.lib ole32.lib oleaut32.lib uuid.lib odbc32.lib odbccp32.lib kernel32.lib user32.lib gdi32.lib winspool.lib comdlg32.lib advapi32.lib shell32.lib ole32.lib oleaut32.lib uuid.lib odbc32.lib odbccp32.lib /MANIFEST /MANIFESTUAC:"level='asInvoker' uiAccess='false'" /manifest:embed /DEBUG /PDB:"C:\C++\kangsia\ParSPH\Release\ParSPH.pdb" /SUBSYSTEM:CONSOLE /OPT:REF /OPT:ICF /LTCG /TLBID:1 /DYNAMICBASE /NXCOMPAT /IMPLIB:"C:\C++\kangsia\ParSPH\Release\ParSPH.lib" /MACHINE:X86 /SAFESEH Release\cu_sph_def.cu.obj
         Release\cubic_spline_kernel.obj
         Release\kernel.obj
         Release\pointmass.obj
         Release\quintic_kernel.obj
         Release\s_grid.obj
         Release\incompressible_sph.obj
         Release\sphydrodynamcis.obj
         Release\s_geometry.obj
         Release\s_particle.obj
         Release\s_writer.obj
         Release\utils.obj
         Release\weakly_compressible_sph.obj
         Release\main.obj
         코드를 생성하고 있습니다.
         코드를 생성했습니다.
         ParSPH.vcxproj -> C:\C++\kangsia\ParSPH\Release\ParSPH.exe
     1>"C:\C++\kangsia\ParSPH\ParSPH\ParSPH.vcxproj" 프로젝트를 빌드했습니다(Build 대상).

빌드했습니다.

경과 시간: 00:00:02.65
