빌드 시작: 2015-12-12 오전 1:02:23
     1>2 노드의 "C:\C++\kangsia\parSIM3\parSIM3\parSIM3.vcxproj" 프로젝트(Build 대상)입니다.
     1>C:\Program Files (x86)\MSBuild\Microsoft.Cpp\v4.0\V120\Microsoft.CppBuild.targets(364,5): warning MSB8004: Output Directory does not end with a trailing slash.  This build instance will add the slash as it is required to allow proper evaluation of the Output Directory.
     1>ClCompile:
         C:\Program Files (x86)\Microsoft Visual Studio 12.0\VC\bin\CL.exe /c /IC:\C++\kangsia\common\inc /I"C:\Program Files\NVIDIA GPU Computing Toolkit\CUDA\v7.0\include" /I"C:\ProgramData\NVIDIA Corporation\CUDA Samples\v7.0\common\inc" /IC:\C++\kangsia\common\inc\MBD /I"C:\Program Files\NVIDIA GPU Computing Toolkit\CUDA\v7.0\include" /I"C:\Program Files\NVIDIA GPU Computing Toolkit\CUDA\v7.0\include" /Zi /nologo /W3 /WX- /sdl /O2 /Oi /Oy- /GL /D _CRT_SECURE_NO_WARNINGS /D WIN32 /D NDEBUG /D _CONSOLE /D _LIB /D _UNICODE /D UNICODE /Gm- /EHsc /MD /GS /Gy /fp:precise /Zc:wchar_t /Zc:forScope /Fo"Release\\" /Fd"Release\vc120.pdb" /Gd /TP /wd4800 /analyze- /errorReport:prompt ..\..\common\source\main.cpp
         main.cpp
       Link:
         C:\Program Files (x86)\Microsoft Visual Studio 12.0\VC\bin\link.exe /ERRORREPORT:PROMPT /OUT:"..\..\bin\release\parSIM3.exe" /INCREMENTAL:NO /NOLOGO /LIBPATH:C:\C++\kangsia\lib /LIBPATH:"C:\Program Files\NVIDIA GPU Computing Toolkit\CUDA\v7.0\lib\Win32" /LIBPATH:"C:\Program Files\NVIDIA GPU Computing Toolkit\CUDA\v7.0\lib\Win32" blas.lib lapack.lib libf2c.lib cudart.lib libxml2.lib iconv.lib kernel32.lib user32.lib gdi32.lib winspool.lib comdlg32.lib advapi32.lib shell32.lib ole32.lib oleaut32.lib uuid.lib odbc32.lib odbccp32.lib kernel32.lib user32.lib gdi32.lib winspool.lib comdlg32.lib advapi32.lib shell32.lib ole32.lib oleaut32.lib uuid.lib odbc32.lib odbccp32.lib /MANIFEST /MANIFESTUAC:"level='asInvoker' uiAccess='false'" /manifest:embed /DEBUG /PDB:"..\..\bin\release\parSIM3.pdb" /SUBSYSTEM:CONSOLE /OPT:REF /OPT:ICF /LTCG /TLBID:1 /DYNAMICBASE /NXCOMPAT /IMPLIB:"..\..\bin\release\parSIM3.lib" /MACHINE:X86 /SAFESEH Release\cu_dem_def.cu.obj
         Release\cell_grid.obj
         Release\CouplingSystem.obj
         Release\Demsimulation.obj
         Release\dem_force.obj
         Release\Euler_integrator.obj
         Release\file_system.obj
         Release\force.obj
         Release\geometry.obj
         Release\HHT_integrator.obj
         Release\Integrator.obj
         Release\Log.obj
         Release\main.obj
         Release\appliedForceElement.obj
         Release\constraintCalculator.obj
         Release\driving_constraint.obj
         Release\forceCalculator.obj
         Release\kinematic_constraint.obj
         Release\massCalculator.obj
         Release\Mbdsimulation.obj
         Release\pointmass.obj
         Release\rigid_body.obj
         Release\particles.obj
         Release\Simulation.obj
         Release\parabola_predictor.obj
         Release\Verlet_integrator.obj
         Release\writer.obj
         코드를 생성하고 있습니다.
         코드를 생성했습니다.
         parSIM3.vcxproj -> C:\C++\kangsia\parSIM3\parSIM3\..\..\bin\release\parSIM3.exe
     1>"C:\C++\kangsia\parSIM3\parSIM3\parSIM3.vcxproj" 프로젝트를 빌드했습니다(Build 대상).

빌드했습니다.

경과 시간: 00:00:06.64
