c:\c++\kangsia\parsim3\parsim3\release\vc120.pdb
c:\c++\kangsia\parsim3\parsim3\release\pointmass.obj
c:\c++\kangsia\parsim3\parsim3\release\mbdsimulation.obj
c:\c++\kangsia\parsim3\parsim3\release\masscalculator.obj
c:\c++\kangsia\parsim3\parsim3\release\kinematic_constraint.obj
c:\c++\kangsia\parsim3\parsim3\release\forcecalculator.obj
c:\c++\kangsia\parsim3\parsim3\release\driving_constraint.obj
c:\c++\kangsia\parsim3\parsim3\release\constraintcalculator.obj
c:\c++\kangsia\parsim3\parsim3\release\appliedforceelement.obj
c:\c++\kangsia\parsim3\parsim3\release\main.obj
c:\c++\kangsia\parsim3\parsim3\release\log.obj
c:\c++\kangsia\parsim3\parsim3\release\integrator.obj
c:\c++\kangsia\parsim3\parsim3\release\hht_integrator.obj
c:\c++\kangsia\parsim3\parsim3\release\geometry.obj
c:\c++\kangsia\parsim3\parsim3\release\force.obj
c:\c++\kangsia\parsim3\parsim3\release\file_system.obj
c:\c++\kangsia\parsim3\parsim3\release\euler_integrator.obj
c:\c++\kangsia\parsim3\parsim3\release\dem_force.obj
c:\c++\kangsia\parsim3\parsim3\release\demsimulation.obj
c:\c++\kangsia\parsim3\parsim3\release\couplingsystem.obj
c:\c++\kangsia\parsim3\parsim3\release\cell_grid.obj
c:\c++\kangsia\parsim3\parsim3\release\writer.obj
c:\c++\kangsia\parsim3\parsim3\release\verlet_integrator.obj
c:\c++\kangsia\parsim3\parsim3\release\parabola_predictor.obj
c:\c++\kangsia\parsim3\parsim3\release\simulation.obj
c:\c++\kangsia\parsim3\parsim3\release\particles.obj
c:\c++\kangsia\parsim3\parsim3\release\rigid_body.obj
c:\c++\kangsia\parsim3\parsim3\release\cu_dem_def.cu.cache
c:\c++\kangsia\parsim3\parsim3\release\cu_dem_def.cu.obj
c:\c++\kangsia\parsim3\parsim3\..\..\bin\release\parsim3.exe
c:\c++\kangsia\parsim3\parsim3\release\parsim3.tlog\cl.command.1.tlog
c:\c++\kangsia\parsim3\parsim3\release\parsim3.tlog\cl.read.1.tlog
c:\c++\kangsia\parsim3\parsim3\release\parsim3.tlog\cl.write.1.tlog
c:\c++\kangsia\parsim3\parsim3\release\parsim3.tlog\link-dw20-dwwin.read.1.tlog
c:\c++\kangsia\parsim3\parsim3\release\parsim3.tlog\link-dw20-dwwin.read.2.tlog
c:\c++\kangsia\parsim3\parsim3\release\parsim3.tlog\link-dw20-dwwin.read.5.tlog
c:\c++\kangsia\parsim3\parsim3\release\parsim3.tlog\link-dw20-dwwin.read.7.tlog
c:\c++\kangsia\parsim3\parsim3\release\parsim3.tlog\link-dw20-dwwin.read.9.tlog
c:\c++\kangsia\parsim3\parsim3\release\parsim3.tlog\link-dw20-dwwin.write.2.tlog
c:\c++\kangsia\parsim3\parsim3\release\parsim3.tlog\link-dw20-dwwin.write.9.tlog
c:\c++\kangsia\parsim3\parsim3\release\parsim3.tlog\link-dw20.read.1.tlog
c:\c++\kangsia\parsim3\parsim3\release\parsim3.tlog\link.command.1.tlog
c:\c++\kangsia\parsim3\parsim3\release\parsim3.tlog\link.read.1.tlog
c:\c++\kangsia\parsim3\parsim3\release\parsim3.tlog\link.write.1.tlog
