C:\C++\KANGSIA\PARSPH\PARSPH\DEBUG\UTILS.OBJ
C:\C++\KANGSIA\PARSPH\PARSPH\DEBUG\INCOMPRESSIBLE_SPH.OBJ
C:\C++\KANGSIA\PARSPH\PARSPH\DEBUG\S_GEOMETRY.OBJ
C:\C++\KANGSIA\PARSPH\PARSPH\DEBUG\S_PARTICLES.OBJ
C:\C++\KANGSIA\PARSPH\PARSPH\DEBUG\MAIN.OBJ
C:\C++\KANGSIA\PARSPH\PARSPH\DEBUG\VC110.PDB
C:\C++\KANGSIA\PARSPH\PARSPH\DEBUG\SPHYDRODYNAMCIS.OBJ
C:\C++\KANGSIA\PARSPH\PARSPH\DEBUG\KERNEL.OBJ
C:\C++\KANGSIA\PARSPH\PARSPH\DEBUG\QUINTIC_KERNEL.OBJ
C:\C++\KANGSIA\PARSPH\PARSPH\DEBUG\S_GRID.OBJ
C:\C++\KANGSIA\PARSPH\PARSPH\DEBUG\S_PARTICLE.OBJ
C:\C++\KANGSIA\PARSPH\PARSPH\DEBUG\S_WRITER.OBJ
C:\C++\KANGSIA\PARSPH\PARSPH\DEBUG\CUBIC_SPLINE_KERNEL.OBJ
C:\C++\KANGSIA\PARSPH\DEBUG\PARSPH.ILK
C:\C++\KANGSIA\PARSPH\DEBUG\PARSPH.EXE
C:\C++\KANGSIA\PARSPH\DEBUG\PARSPH.PDB
C:\C++\kangsia\ParSPH\ParSPH\Debug\cubic_spline_kernel.obj
C:\C++\kangsia\ParSPH\ParSPH\Debug\incompressible_sph.obj
C:\C++\kangsia\ParSPH\ParSPH\Debug\kernel.obj
C:\C++\kangsia\ParSPH\ParSPH\Debug\main.obj
C:\C++\kangsia\ParSPH\ParSPH\Debug\quintic_kernel.obj
C:\C++\kangsia\ParSPH\ParSPH\Debug\sphydrodynamcis.obj
C:\C++\kangsia\ParSPH\ParSPH\Debug\s_geometry.obj
C:\C++\kangsia\ParSPH\ParSPH\Debug\s_grid.obj
C:\C++\kangsia\ParSPH\ParSPH\Debug\s_particle.obj
C:\C++\kangsia\ParSPH\ParSPH\Debug\s_particles.obj
C:\C++\kangsia\ParSPH\ParSPH\Debug\s_writer.obj
C:\C++\kangsia\ParSPH\ParSPH\Debug\utils.obj
C:\C++\kangsia\ParSPH\ParSPH\Debug\cl.command.1.tlog
C:\C++\kangsia\ParSPH\ParSPH\Debug\CL.read.1.tlog
C:\C++\kangsia\ParSPH\ParSPH\Debug\CL.write.1.tlog
C:\C++\kangsia\ParSPH\ParSPH\Debug\link-cvtres.read.1.tlog
C:\C++\kangsia\ParSPH\ParSPH\Debug\link-cvtres.write.1.tlog
C:\C++\kangsia\ParSPH\ParSPH\Debug\link-rc.read.1.tlog
C:\C++\kangsia\ParSPH\ParSPH\Debug\link-rc.write.1.tlog
C:\C++\kangsia\ParSPH\ParSPH\Debug\link.10188-cvtres.read.1.tlog
C:\C++\kangsia\ParSPH\ParSPH\Debug\link.10188-cvtres.write.1.tlog
C:\C++\kangsia\ParSPH\ParSPH\Debug\link.10188-rc.read.1.tlog
C:\C++\kangsia\ParSPH\ParSPH\Debug\link.10188-rc.write.1.tlog
C:\C++\kangsia\ParSPH\ParSPH\Debug\link.10188.read.1.tlog
C:\C++\kangsia\ParSPH\ParSPH\Debug\link.10188.write.1.tlog
C:\C++\kangsia\ParSPH\ParSPH\Debug\link.10436-cvtres.read.1.tlog
C:\C++\kangsia\ParSPH\ParSPH\Debug\link.10436-cvtres.write.1.tlog
C:\C++\kangsia\ParSPH\ParSPH\Debug\link.10436-rc.read.1.tlog
C:\C++\kangsia\ParSPH\ParSPH\Debug\link.10436-rc.write.1.tlog
C:\C++\kangsia\ParSPH\ParSPH\Debug\link.10436.read.1.tlog
C:\C++\kangsia\ParSPH\ParSPH\Debug\link.10436.write.1.tlog
C:\C++\kangsia\ParSPH\ParSPH\Debug\link.11004-cvtres.read.1.tlog
C:\C++\kangsia\ParSPH\ParSPH\Debug\link.11004-cvtres.write.1.tlog
C:\C++\kangsia\ParSPH\ParSPH\Debug\link.11004-rc.read.1.tlog
C:\C++\kangsia\ParSPH\ParSPH\Debug\link.11004-rc.write.1.tlog
C:\C++\kangsia\ParSPH\ParSPH\Debug\link.11004.read.1.tlog
C:\C++\kangsia\ParSPH\ParSPH\Debug\link.11004.write.1.tlog
C:\C++\kangsia\ParSPH\ParSPH\Debug\link.11560-cvtres.read.1.tlog
C:\C++\kangsia\ParSPH\ParSPH\Debug\link.11560-cvtres.write.1.tlog
C:\C++\kangsia\ParSPH\ParSPH\Debug\link.11560-rc.read.1.tlog
C:\C++\kangsia\ParSPH\ParSPH\Debug\link.11560-rc.write.1.tlog
C:\C++\kangsia\ParSPH\ParSPH\Debug\link.11560.read.1.tlog
C:\C++\kangsia\ParSPH\ParSPH\Debug\link.11560.write.1.tlog
C:\C++\kangsia\ParSPH\ParSPH\Debug\link.12236-cvtres.read.1.tlog
C:\C++\kangsia\ParSPH\ParSPH\Debug\link.12236-cvtres.write.1.tlog
C:\C++\kangsia\ParSPH\ParSPH\Debug\link.12236-rc.read.1.tlog
C:\C++\kangsia\ParSPH\ParSPH\Debug\link.12236-rc.write.1.tlog
C:\C++\kangsia\ParSPH\ParSPH\Debug\link.12236.read.1.tlog
C:\C++\kangsia\ParSPH\ParSPH\Debug\link.12236.write.1.tlog
C:\C++\kangsia\ParSPH\ParSPH\Debug\link.12356-cvtres.read.1.tlog
C:\C++\kangsia\ParSPH\ParSPH\Debug\link.12356-cvtres.write.1.tlog
C:\C++\kangsia\ParSPH\ParSPH\Debug\link.12356-rc.read.1.tlog
C:\C++\kangsia\ParSPH\ParSPH\Debug\link.12356-rc.write.1.tlog
C:\C++\kangsia\ParSPH\ParSPH\Debug\link.12356.read.1.tlog
C:\C++\kangsia\ParSPH\ParSPH\Debug\link.12356.write.1.tlog
C:\C++\kangsia\ParSPH\ParSPH\Debug\link.12580-cvtres.read.1.tlog
C:\C++\kangsia\ParSPH\ParSPH\Debug\link.12580-cvtres.write.1.tlog
C:\C++\kangsia\ParSPH\ParSPH\Debug\link.12580-rc.read.1.tlog
C:\C++\kangsia\ParSPH\ParSPH\Debug\link.12580-rc.write.1.tlog
C:\C++\kangsia\ParSPH\ParSPH\Debug\link.12580.read.1.tlog
C:\C++\kangsia\ParSPH\ParSPH\Debug\link.12580.write.1.tlog
C:\C++\kangsia\ParSPH\ParSPH\Debug\link.13252-cvtres.read.1.tlog
C:\C++\kangsia\ParSPH\ParSPH\Debug\link.13252-cvtres.write.1.tlog
C:\C++\kangsia\ParSPH\ParSPH\Debug\link.13252-rc.read.1.tlog
C:\C++\kangsia\ParSPH\ParSPH\Debug\link.13252-rc.write.1.tlog
C:\C++\kangsia\ParSPH\ParSPH\Debug\link.13252.read.1.tlog
C:\C++\kangsia\ParSPH\ParSPH\Debug\link.13252.write.1.tlog
C:\C++\kangsia\ParSPH\ParSPH\Debug\link.13408-cvtres.read.1.tlog
C:\C++\kangsia\ParSPH\ParSPH\Debug\link.13408-cvtres.write.1.tlog
C:\C++\kangsia\ParSPH\ParSPH\Debug\link.13408-rc.read.1.tlog
C:\C++\kangsia\ParSPH\ParSPH\Debug\link.13408-rc.write.1.tlog
C:\C++\kangsia\ParSPH\ParSPH\Debug\link.13408.read.1.tlog
C:\C++\kangsia\ParSPH\ParSPH\Debug\link.13408.write.1.tlog
C:\C++\kangsia\ParSPH\ParSPH\Debug\link.13620-cvtres.read.1.tlog
C:\C++\kangsia\ParSPH\ParSPH\Debug\link.13620-cvtres.write.1.tlog
C:\C++\kangsia\ParSPH\ParSPH\Debug\link.13620-rc.read.1.tlog
C:\C++\kangsia\ParSPH\ParSPH\Debug\link.13620-rc.write.1.tlog
C:\C++\kangsia\ParSPH\ParSPH\Debug\link.13620.read.1.tlog
C:\C++\kangsia\ParSPH\ParSPH\Debug\link.13620.write.1.tlog
C:\C++\kangsia\ParSPH\ParSPH\Debug\link.13664-cvtres.read.1.tlog
C:\C++\kangsia\ParSPH\ParSPH\Debug\link.13664-cvtres.write.1.tlog
C:\C++\kangsia\ParSPH\ParSPH\Debug\link.13664-rc.read.1.tlog
C:\C++\kangsia\ParSPH\ParSPH\Debug\link.13664-rc.write.1.tlog
C:\C++\kangsia\ParSPH\ParSPH\Debug\link.13664.read.1.tlog
C:\C++\kangsia\ParSPH\ParSPH\Debug\link.13664.write.1.tlog
C:\C++\kangsia\ParSPH\ParSPH\Debug\link.13816-cvtres.read.1.tlog
C:\C++\kangsia\ParSPH\ParSPH\Debug\link.13816-cvtres.write.1.tlog
C:\C++\kangsia\ParSPH\ParSPH\Debug\link.13816-rc.read.1.tlog
C:\C++\kangsia\ParSPH\ParSPH\Debug\link.13816-rc.write.1.tlog
C:\C++\kangsia\ParSPH\ParSPH\Debug\link.13816.read.1.tlog
C:\C++\kangsia\ParSPH\ParSPH\Debug\link.13816.write.1.tlog
C:\C++\kangsia\ParSPH\ParSPH\Debug\link.14572-cvtres.read.1.tlog
C:\C++\kangsia\ParSPH\ParSPH\Debug\link.14572-cvtres.write.1.tlog
C:\C++\kangsia\ParSPH\ParSPH\Debug\link.14572-rc.read.1.tlog
C:\C++\kangsia\ParSPH\ParSPH\Debug\link.14572-rc.write.1.tlog
C:\C++\kangsia\ParSPH\ParSPH\Debug\link.14572.read.1.tlog
C:\C++\kangsia\ParSPH\ParSPH\Debug\link.14572.write.1.tlog
C:\C++\kangsia\ParSPH\ParSPH\Debug\link.14752-cvtres.read.1.tlog
C:\C++\kangsia\ParSPH\ParSPH\Debug\link.14752-cvtres.write.1.tlog
C:\C++\kangsia\ParSPH\ParSPH\Debug\link.14752-rc.read.1.tlog
C:\C++\kangsia\ParSPH\ParSPH\Debug\link.14752-rc.write.1.tlog
C:\C++\kangsia\ParSPH\ParSPH\Debug\link.14752.read.1.tlog
C:\C++\kangsia\ParSPH\ParSPH\Debug\link.14752.write.1.tlog
C:\C++\kangsia\ParSPH\ParSPH\Debug\link.15344-cvtres.read.1.tlog
C:\C++\kangsia\ParSPH\ParSPH\Debug\link.15344-cvtres.write.1.tlog
C:\C++\kangsia\ParSPH\ParSPH\Debug\link.15344-rc.read.1.tlog
C:\C++\kangsia\ParSPH\ParSPH\Debug\link.15344-rc.write.1.tlog
C:\C++\kangsia\ParSPH\ParSPH\Debug\link.15344.read.1.tlog
C:\C++\kangsia\ParSPH\ParSPH\Debug\link.15344.write.1.tlog
C:\C++\kangsia\ParSPH\ParSPH\Debug\link.15636-cvtres.read.1.tlog
C:\C++\kangsia\ParSPH\ParSPH\Debug\link.15636-cvtres.write.1.tlog
C:\C++\kangsia\ParSPH\ParSPH\Debug\link.15636-rc.read.1.tlog
C:\C++\kangsia\ParSPH\ParSPH\Debug\link.15636-rc.write.1.tlog
C:\C++\kangsia\ParSPH\ParSPH\Debug\link.15636.read.1.tlog
C:\C++\kangsia\ParSPH\ParSPH\Debug\link.15636.write.1.tlog
C:\C++\kangsia\ParSPH\ParSPH\Debug\link.15712-cvtres.read.1.tlog
C:\C++\kangsia\ParSPH\ParSPH\Debug\link.15712-cvtres.write.1.tlog
C:\C++\kangsia\ParSPH\ParSPH\Debug\link.15712-rc.read.1.tlog
C:\C++\kangsia\ParSPH\ParSPH\Debug\link.15712-rc.write.1.tlog
C:\C++\kangsia\ParSPH\ParSPH\Debug\link.15712.read.1.tlog
C:\C++\kangsia\ParSPH\ParSPH\Debug\link.15712.write.1.tlog
C:\C++\kangsia\ParSPH\ParSPH\Debug\link.15892-cvtres.read.1.tlog
C:\C++\kangsia\ParSPH\ParSPH\Debug\link.15892-cvtres.write.1.tlog
C:\C++\kangsia\ParSPH\ParSPH\Debug\link.15892-rc.read.1.tlog
C:\C++\kangsia\ParSPH\ParSPH\Debug\link.15892-rc.write.1.tlog
C:\C++\kangsia\ParSPH\ParSPH\Debug\link.15892.read.1.tlog
C:\C++\kangsia\ParSPH\ParSPH\Debug\link.15892.write.1.tlog
C:\C++\kangsia\ParSPH\ParSPH\Debug\link.1860-cvtres.read.1.tlog
C:\C++\kangsia\ParSPH\ParSPH\Debug\link.1860-cvtres.write.1.tlog
C:\C++\kangsia\ParSPH\ParSPH\Debug\link.1860-rc.read.1.tlog
C:\C++\kangsia\ParSPH\ParSPH\Debug\link.1860-rc.write.1.tlog
C:\C++\kangsia\ParSPH\ParSPH\Debug\link.1860.read.1.tlog
C:\C++\kangsia\ParSPH\ParSPH\Debug\link.1860.write.1.tlog
C:\C++\kangsia\ParSPH\ParSPH\Debug\link.256-cvtres.read.1.tlog
C:\C++\kangsia\ParSPH\ParSPH\Debug\link.256-cvtres.write.1.tlog
C:\C++\kangsia\ParSPH\ParSPH\Debug\link.256-rc.read.1.tlog
C:\C++\kangsia\ParSPH\ParSPH\Debug\link.256-rc.write.1.tlog
C:\C++\kangsia\ParSPH\ParSPH\Debug\link.256.read.1.tlog
C:\C++\kangsia\ParSPH\ParSPH\Debug\link.256.write.1.tlog
C:\C++\kangsia\ParSPH\ParSPH\Debug\link.3152-cvtres.read.1.tlog
C:\C++\kangsia\ParSPH\ParSPH\Debug\link.3152-cvtres.write.1.tlog
C:\C++\kangsia\ParSPH\ParSPH\Debug\link.3152-rc.read.1.tlog
C:\C++\kangsia\ParSPH\ParSPH\Debug\link.3152-rc.write.1.tlog
C:\C++\kangsia\ParSPH\ParSPH\Debug\link.3152.read.1.tlog
C:\C++\kangsia\ParSPH\ParSPH\Debug\link.3152.write.1.tlog
C:\C++\kangsia\ParSPH\ParSPH\Debug\link.3220-cvtres.read.1.tlog
C:\C++\kangsia\ParSPH\ParSPH\Debug\link.3220-cvtres.write.1.tlog
C:\C++\kangsia\ParSPH\ParSPH\Debug\link.3220-rc.read.1.tlog
C:\C++\kangsia\ParSPH\ParSPH\Debug\link.3220-rc.write.1.tlog
C:\C++\kangsia\ParSPH\ParSPH\Debug\link.3220.read.1.tlog
C:\C++\kangsia\ParSPH\ParSPH\Debug\link.3220.write.1.tlog
C:\C++\kangsia\ParSPH\ParSPH\Debug\link.4068-cvtres.read.1.tlog
C:\C++\kangsia\ParSPH\ParSPH\Debug\link.4068-cvtres.write.1.tlog
C:\C++\kangsia\ParSPH\ParSPH\Debug\link.4068-rc.read.1.tlog
C:\C++\kangsia\ParSPH\ParSPH\Debug\link.4068-rc.write.1.tlog
C:\C++\kangsia\ParSPH\ParSPH\Debug\link.4068.read.1.tlog
C:\C++\kangsia\ParSPH\ParSPH\Debug\link.4068.write.1.tlog
C:\C++\kangsia\ParSPH\ParSPH\Debug\link.4736-cvtres.read.1.tlog
C:\C++\kangsia\ParSPH\ParSPH\Debug\link.4736-cvtres.write.1.tlog
C:\C++\kangsia\ParSPH\ParSPH\Debug\link.4736-rc.read.1.tlog
C:\C++\kangsia\ParSPH\ParSPH\Debug\link.4736-rc.write.1.tlog
C:\C++\kangsia\ParSPH\ParSPH\Debug\link.4736.read.1.tlog
C:\C++\kangsia\ParSPH\ParSPH\Debug\link.4736.write.1.tlog
C:\C++\kangsia\ParSPH\ParSPH\Debug\link.4760-cvtres.read.1.tlog
C:\C++\kangsia\ParSPH\ParSPH\Debug\link.4760-cvtres.write.1.tlog
C:\C++\kangsia\ParSPH\ParSPH\Debug\link.4760-rc.read.1.tlog
C:\C++\kangsia\ParSPH\ParSPH\Debug\link.4760-rc.write.1.tlog
C:\C++\kangsia\ParSPH\ParSPH\Debug\link.4760.read.1.tlog
C:\C++\kangsia\ParSPH\ParSPH\Debug\link.4760.write.1.tlog
C:\C++\kangsia\ParSPH\ParSPH\Debug\link.4804-cvtres.read.1.tlog
C:\C++\kangsia\ParSPH\ParSPH\Debug\link.4804-cvtres.write.1.tlog
C:\C++\kangsia\ParSPH\ParSPH\Debug\link.4804-rc.read.1.tlog
C:\C++\kangsia\ParSPH\ParSPH\Debug\link.4804-rc.write.1.tlog
C:\C++\kangsia\ParSPH\ParSPH\Debug\link.4804.read.1.tlog
C:\C++\kangsia\ParSPH\ParSPH\Debug\link.4804.write.1.tlog
C:\C++\kangsia\ParSPH\ParSPH\Debug\link.4828-cvtres.read.1.tlog
C:\C++\kangsia\ParSPH\ParSPH\Debug\link.4828-cvtres.write.1.tlog
C:\C++\kangsia\ParSPH\ParSPH\Debug\link.4828-rc.read.1.tlog
C:\C++\kangsia\ParSPH\ParSPH\Debug\link.4828-rc.write.1.tlog
C:\C++\kangsia\ParSPH\ParSPH\Debug\link.4828.read.1.tlog
C:\C++\kangsia\ParSPH\ParSPH\Debug\link.4828.write.1.tlog
C:\C++\kangsia\ParSPH\ParSPH\Debug\link.5420-cvtres.read.1.tlog
C:\C++\kangsia\ParSPH\ParSPH\Debug\link.5420-cvtres.write.1.tlog
C:\C++\kangsia\ParSPH\ParSPH\Debug\link.5420-rc.read.1.tlog
C:\C++\kangsia\ParSPH\ParSPH\Debug\link.5420-rc.write.1.tlog
C:\C++\kangsia\ParSPH\ParSPH\Debug\link.5420.read.1.tlog
C:\C++\kangsia\ParSPH\ParSPH\Debug\link.5420.write.1.tlog
C:\C++\kangsia\ParSPH\ParSPH\Debug\link.5864-cvtres.read.1.tlog
C:\C++\kangsia\ParSPH\ParSPH\Debug\link.5864-cvtres.write.1.tlog
C:\C++\kangsia\ParSPH\ParSPH\Debug\link.5864-rc.read.1.tlog
C:\C++\kangsia\ParSPH\ParSPH\Debug\link.5864-rc.write.1.tlog
C:\C++\kangsia\ParSPH\ParSPH\Debug\link.5864.read.1.tlog
C:\C++\kangsia\ParSPH\ParSPH\Debug\link.5864.write.1.tlog
C:\C++\kangsia\ParSPH\ParSPH\Debug\link.6464-cvtres.read.1.tlog
C:\C++\kangsia\ParSPH\ParSPH\Debug\link.6464-cvtres.write.1.tlog
C:\C++\kangsia\ParSPH\ParSPH\Debug\link.6464-rc.read.1.tlog
C:\C++\kangsia\ParSPH\ParSPH\Debug\link.6464-rc.write.1.tlog
C:\C++\kangsia\ParSPH\ParSPH\Debug\link.6464.read.1.tlog
C:\C++\kangsia\ParSPH\ParSPH\Debug\link.6464.write.1.tlog
C:\C++\kangsia\ParSPH\ParSPH\Debug\link.648-cvtres.read.1.tlog
C:\C++\kangsia\ParSPH\ParSPH\Debug\link.648-cvtres.write.1.tlog
C:\C++\kangsia\ParSPH\ParSPH\Debug\link.648-rc.read.1.tlog
C:\C++\kangsia\ParSPH\ParSPH\Debug\link.648-rc.write.1.tlog
C:\C++\kangsia\ParSPH\ParSPH\Debug\link.648.read.1.tlog
C:\C++\kangsia\ParSPH\ParSPH\Debug\link.648.write.1.tlog
C:\C++\kangsia\ParSPH\ParSPH\Debug\link.6808-cvtres.read.1.tlog
C:\C++\kangsia\ParSPH\ParSPH\Debug\link.6808-cvtres.write.1.tlog
C:\C++\kangsia\ParSPH\ParSPH\Debug\link.6808-rc.read.1.tlog
C:\C++\kangsia\ParSPH\ParSPH\Debug\link.6808-rc.write.1.tlog
C:\C++\kangsia\ParSPH\ParSPH\Debug\link.6808.read.1.tlog
C:\C++\kangsia\ParSPH\ParSPH\Debug\link.6808.write.1.tlog
C:\C++\kangsia\ParSPH\ParSPH\Debug\link.6816-cvtres.read.1.tlog
C:\C++\kangsia\ParSPH\ParSPH\Debug\link.6816-cvtres.write.1.tlog
C:\C++\kangsia\ParSPH\ParSPH\Debug\link.6816-rc.read.1.tlog
C:\C++\kangsia\ParSPH\ParSPH\Debug\link.6816-rc.write.1.tlog
C:\C++\kangsia\ParSPH\ParSPH\Debug\link.6816.read.1.tlog
C:\C++\kangsia\ParSPH\ParSPH\Debug\link.6816.write.1.tlog
C:\C++\kangsia\ParSPH\ParSPH\Debug\link.6888-cvtres.read.1.tlog
C:\C++\kangsia\ParSPH\ParSPH\Debug\link.6888-cvtres.write.1.tlog
C:\C++\kangsia\ParSPH\ParSPH\Debug\link.6888-rc.read.1.tlog
C:\C++\kangsia\ParSPH\ParSPH\Debug\link.6888-rc.write.1.tlog
C:\C++\kangsia\ParSPH\ParSPH\Debug\link.6888.read.1.tlog
C:\C++\kangsia\ParSPH\ParSPH\Debug\link.6888.write.1.tlog
C:\C++\kangsia\ParSPH\ParSPH\Debug\link.7104-cvtres.read.1.tlog
C:\C++\kangsia\ParSPH\ParSPH\Debug\link.7104-cvtres.write.1.tlog
C:\C++\kangsia\ParSPH\ParSPH\Debug\link.7104-rc.read.1.tlog
C:\C++\kangsia\ParSPH\ParSPH\Debug\link.7104-rc.write.1.tlog
C:\C++\kangsia\ParSPH\ParSPH\Debug\link.7104.read.1.tlog
C:\C++\kangsia\ParSPH\ParSPH\Debug\link.7104.write.1.tlog
C:\C++\kangsia\ParSPH\ParSPH\Debug\link.7212-cvtres.read.1.tlog
C:\C++\kangsia\ParSPH\ParSPH\Debug\link.7212-cvtres.write.1.tlog
C:\C++\kangsia\ParSPH\ParSPH\Debug\link.7212-rc.read.1.tlog
C:\C++\kangsia\ParSPH\ParSPH\Debug\link.7212-rc.write.1.tlog
C:\C++\kangsia\ParSPH\ParSPH\Debug\link.7212.read.1.tlog
C:\C++\kangsia\ParSPH\ParSPH\Debug\link.7212.write.1.tlog
C:\C++\kangsia\ParSPH\ParSPH\Debug\link.7252-cvtres.read.1.tlog
C:\C++\kangsia\ParSPH\ParSPH\Debug\link.7252-cvtres.write.1.tlog
C:\C++\kangsia\ParSPH\ParSPH\Debug\link.7252-rc.read.1.tlog
C:\C++\kangsia\ParSPH\ParSPH\Debug\link.7252-rc.write.1.tlog
C:\C++\kangsia\ParSPH\ParSPH\Debug\link.7252.read.1.tlog
C:\C++\kangsia\ParSPH\ParSPH\Debug\link.7252.write.1.tlog
C:\C++\kangsia\ParSPH\ParSPH\Debug\link.7604-cvtres.read.1.tlog
C:\C++\kangsia\ParSPH\ParSPH\Debug\link.7604-cvtres.write.1.tlog
C:\C++\kangsia\ParSPH\ParSPH\Debug\link.7604-rc.read.1.tlog
C:\C++\kangsia\ParSPH\ParSPH\Debug\link.7604-rc.write.1.tlog
C:\C++\kangsia\ParSPH\ParSPH\Debug\link.7604.read.1.tlog
C:\C++\kangsia\ParSPH\ParSPH\Debug\link.7604.write.1.tlog
C:\C++\kangsia\ParSPH\ParSPH\Debug\link.8064-cvtres.read.1.tlog
C:\C++\kangsia\ParSPH\ParSPH\Debug\link.8064-cvtres.write.1.tlog
C:\C++\kangsia\ParSPH\ParSPH\Debug\link.8064-rc.read.1.tlog
C:\C++\kangsia\ParSPH\ParSPH\Debug\link.8064-rc.write.1.tlog
C:\C++\kangsia\ParSPH\ParSPH\Debug\link.8064.read.1.tlog
C:\C++\kangsia\ParSPH\ParSPH\Debug\link.8064.write.1.tlog
C:\C++\kangsia\ParSPH\ParSPH\Debug\link.8332-cvtres.read.1.tlog
C:\C++\kangsia\ParSPH\ParSPH\Debug\link.8332-cvtres.write.1.tlog
C:\C++\kangsia\ParSPH\ParSPH\Debug\link.8332-rc.read.1.tlog
C:\C++\kangsia\ParSPH\ParSPH\Debug\link.8332-rc.write.1.tlog
C:\C++\kangsia\ParSPH\ParSPH\Debug\link.8332.read.1.tlog
C:\C++\kangsia\ParSPH\ParSPH\Debug\link.8332.write.1.tlog
C:\C++\kangsia\ParSPH\ParSPH\Debug\link.8336-cvtres.read.1.tlog
C:\C++\kangsia\ParSPH\ParSPH\Debug\link.8336-cvtres.write.1.tlog
C:\C++\kangsia\ParSPH\ParSPH\Debug\link.8336-rc.read.1.tlog
C:\C++\kangsia\ParSPH\ParSPH\Debug\link.8336-rc.write.1.tlog
C:\C++\kangsia\ParSPH\ParSPH\Debug\link.8336.read.1.tlog
C:\C++\kangsia\ParSPH\ParSPH\Debug\link.8336.write.1.tlog
C:\C++\kangsia\ParSPH\ParSPH\Debug\link.8468-cvtres.read.1.tlog
C:\C++\kangsia\ParSPH\ParSPH\Debug\link.8468-cvtres.write.1.tlog
C:\C++\kangsia\ParSPH\ParSPH\Debug\link.8468-rc.read.1.tlog
C:\C++\kangsia\ParSPH\ParSPH\Debug\link.8468-rc.write.1.tlog
C:\C++\kangsia\ParSPH\ParSPH\Debug\link.8468.read.1.tlog
C:\C++\kangsia\ParSPH\ParSPH\Debug\link.8468.write.1.tlog
C:\C++\kangsia\ParSPH\ParSPH\Debug\link.8476-cvtres.read.1.tlog
C:\C++\kangsia\ParSPH\ParSPH\Debug\link.8476-cvtres.write.1.tlog
C:\C++\kangsia\ParSPH\ParSPH\Debug\link.8476-rc.read.1.tlog
C:\C++\kangsia\ParSPH\ParSPH\Debug\link.8476-rc.write.1.tlog
C:\C++\kangsia\ParSPH\ParSPH\Debug\link.8476.read.1.tlog
C:\C++\kangsia\ParSPH\ParSPH\Debug\link.8476.write.1.tlog
C:\C++\kangsia\ParSPH\ParSPH\Debug\link.8624-cvtres.read.1.tlog
C:\C++\kangsia\ParSPH\ParSPH\Debug\link.8624-cvtres.write.1.tlog
C:\C++\kangsia\ParSPH\ParSPH\Debug\link.8624-rc.read.1.tlog
C:\C++\kangsia\ParSPH\ParSPH\Debug\link.8624-rc.write.1.tlog
C:\C++\kangsia\ParSPH\ParSPH\Debug\link.8624.read.1.tlog
C:\C++\kangsia\ParSPH\ParSPH\Debug\link.8624.write.1.tlog
C:\C++\kangsia\ParSPH\ParSPH\Debug\link.8844-cvtres.read.1.tlog
C:\C++\kangsia\ParSPH\ParSPH\Debug\link.8844-cvtres.write.1.tlog
C:\C++\kangsia\ParSPH\ParSPH\Debug\link.8844-rc.read.1.tlog
C:\C++\kangsia\ParSPH\ParSPH\Debug\link.8844-rc.write.1.tlog
C:\C++\kangsia\ParSPH\ParSPH\Debug\link.8844.read.1.tlog
C:\C++\kangsia\ParSPH\ParSPH\Debug\link.8844.write.1.tlog
C:\C++\kangsia\ParSPH\ParSPH\Debug\link.9184-cvtres.read.1.tlog
C:\C++\kangsia\ParSPH\ParSPH\Debug\link.9184-cvtres.write.1.tlog
C:\C++\kangsia\ParSPH\ParSPH\Debug\link.9184-rc.read.1.tlog
C:\C++\kangsia\ParSPH\ParSPH\Debug\link.9184-rc.write.1.tlog
C:\C++\kangsia\ParSPH\ParSPH\Debug\link.9184.read.1.tlog
C:\C++\kangsia\ParSPH\ParSPH\Debug\link.9184.write.1.tlog
C:\C++\kangsia\ParSPH\ParSPH\Debug\link.9228-cvtres.read.1.tlog
C:\C++\kangsia\ParSPH\ParSPH\Debug\link.9228-cvtres.write.1.tlog
C:\C++\kangsia\ParSPH\ParSPH\Debug\link.9228-rc.read.1.tlog
C:\C++\kangsia\ParSPH\ParSPH\Debug\link.9228-rc.write.1.tlog
C:\C++\kangsia\ParSPH\ParSPH\Debug\link.9228.read.1.tlog
C:\C++\kangsia\ParSPH\ParSPH\Debug\link.9228.write.1.tlog
C:\C++\kangsia\ParSPH\ParSPH\Debug\link.9492-cvtres.read.1.tlog
C:\C++\kangsia\ParSPH\ParSPH\Debug\link.9492-cvtres.write.1.tlog
C:\C++\kangsia\ParSPH\ParSPH\Debug\link.9492-rc.read.1.tlog
C:\C++\kangsia\ParSPH\ParSPH\Debug\link.9492-rc.write.1.tlog
C:\C++\kangsia\ParSPH\ParSPH\Debug\link.9492.read.1.tlog
C:\C++\kangsia\ParSPH\ParSPH\Debug\link.9492.write.1.tlog
C:\C++\kangsia\ParSPH\ParSPH\Debug\link.command.1.tlog
C:\C++\kangsia\ParSPH\ParSPH\Debug\link.read.1.tlog
C:\C++\kangsia\ParSPH\ParSPH\Debug\link.write.1.tlog
C:\C++\kangsia\ParSPH\ParSPH\Debug\vc110.idb
C:\C++\kangsia\ParSPH\ParSPH\Debug\vc110.pdb
C:\C++\kangsia\ParSPH\Debug\ParSPH.pdb
C:\C++\kangsia\ParSPH\Debug\ParSPH.exe
C:\C++\kangsia\ParSPH\Debug\ParSPH.ilk
