빌드 시작: 2015-08-07 오후 3:58:01
     1>2 노드의 "C:\C++\kangsia\DHSpring\DHSpring\DHSpring.vcxproj" 프로젝트(Build 대상)입니다.
     1>ClCompile:
         C:\Program Files (x86)\Microsoft Visual Studio 12.0\VC\bin\CL.exe /c /I.\GeneratedFiles /I. /IC:\Qt\5.4\msvc2013_opengl\\include /I.\GeneratedFiles\Debug /IC:\Qt\5.4\msvc2013_opengl\\include\QtCore /IC:\Qt\5.4\msvc2013_opengl\\include\QtGui /IC:\Qt\5.4\msvc2013_opengl\\include\QtWidgets /IC:\C++\kangsia\common\inc\DHSpring /IC:\C++\kangsia\common\inc /Zi /nologo /W1 /WX- /Od /Oy- /D _USE_MATH_DEFINES /D UNICODE /D WIN32 /D WIN64 /D QT_DLL /D QT_CORE_LIB /D QT_GUI_LIB /D QT_WIDGETS_LIB /Gm- /EHsc /MDd /GS /fp:precise /Zc:wchar_t /Zc:forScope /Fo"Debug\\" /Fd"Debug\vc120.pdb" /Gd /TP /analyze- /errorReport:prompt ..\..\common\source\DHSpring\ZoomSpringImageDialog.cpp GeneratedFiles\Debug\moc_dhspring.cpp dhspring.cpp main.cpp
         ZoomSpringImageDialog.cpp
         moc_dhspring.cpp
         dhspring.cpp
         main.cpp
         코드를 생성하고 있습니다...
       Link:
         C:\Program Files (x86)\Microsoft Visual Studio 12.0\VC\bin\link.exe /ERRORREPORT:PROMPT /OUT:"C:\C++\kangsia\DHSpring\Win32\Debug\\DHSpring.exe" /NOLOGO /LIBPATH:C:\Qt\5.4\msvc2013_opengl\\lib /LIBPATH:C:\C++\kangsia\lib libf2c.lib blas.lib lapack.lib qtmaind.lib Qt5Cored.lib Qt5Guid.lib Qt5Widgetsd.lib kernel32.lib user32.lib gdi32.lib winspool.lib comdlg32.lib advapi32.lib shell32.lib ole32.lib oleaut32.lib uuid.lib odbc32.lib odbccp32.lib /MANIFEST /MANIFESTUAC:"level='asInvoker' uiAccess='false'" /manifest:embed /DEBUG /PDB:"C:\C++\kangsia\DHSpring\Win32\Debug\DHSpring.pdb" /SUBSYSTEM:WINDOWS /TLBID:1 /DYNAMICBASE /NXCOMPAT /IMPLIB:"C:\C++\kangsia\DHSpring\Win32\Debug\DHSpring.lib" /MACHINE:X86 /SAFESEH Debug\dh_solver.obj
         Debug\resultTable.obj
         Debug\ZoomSpringImageDialog.obj
         Debug\dhspring.obj
         Debug\moc_dhspring.obj
         Debug\moc_dh_solver.obj
         Debug\moc_resultTable.obj
         Debug\moc_ZoomSpringImageDialog.obj
         Debug\qrc_dhspring.obj
         Debug\main.obj
     1>LINK : warning LNK4098: 'MSVCRT' defaultlib가 다른 라이브러리와 충돌합니다. /NODEFAULTLIB:library를 사용하십시오.
         DHSpring.vcxproj -> C:\C++\kangsia\DHSpring\Win32\Debug\DHSpring.exe
     1>"C:\C++\kangsia\DHSpring\DHSpring\DHSpring.vcxproj" 프로젝트를 빌드했습니다(Build 대상).

빌드했습니다.

경과 시간: 00:00:03.95
