c:\c++\kangsia\dhspring\dhspring\debug\vc120.pdb
c:\c++\kangsia\dhspring\dhspring\debug\main.obj
c:\c++\kangsia\dhspring\dhspring\debug\dhspring.obj
c:\c++\kangsia\dhspring\dhspring\debug\moc_dhspring.obj
c:\c++\kangsia\dhspring\dhspring\debug\resulttable.obj
c:\c++\kangsia\dhspring\dhspring\debug\dh_solver.obj
c:\c++\kangsia\dhspring\dhspring\debug\moc_resulttable.obj
c:\c++\kangsia\dhspring\dhspring\debug\moc_dh_solver.obj
c:\c++\kangsia\dhspring\dhspring\debug\qrc_dhspring.obj
c:\c++\kangsia\dhspring\dhspring\debug\zoomspringimagedialog.obj
c:\c++\kangsia\dhspring\dhspring\generatedfiles\ui_dhspring.h
c:\c++\kangsia\dhspring\dhspring\generatedfiles\ui_resulttable.h
c:\c++\kangsia\dhspring\dhspring\generatedfiles\debug\moc_resulttable.cpp
c:\c++\kangsia\dhspring\dhspring\generatedfiles\debug\moc_dh_solver.cpp
c:\c++\kangsia\dhspring\dhspring\generatedfiles\debug\moc_dhspring.cpp
c:\c++\kangsia\dhspring\dhspring\generatedfiles\qrc_dhspring.cpp
c:\c++\kangsia\dhspring\dhspring\generatedfiles\ui_zoomspringimage.h
c:\c++\kangsia\dhspring\win32\debug\dhspring.ilk
c:\c++\kangsia\dhspring\win32\debug\dhspring.exe
c:\c++\kangsia\dhspring\win32\debug\dhspring.pdb
c:\c++\kangsia\dhspring\dhspring\debug\dhspring.tlog\cl.command.1.tlog
c:\c++\kangsia\dhspring\dhspring\debug\dhspring.tlog\cl.read.1.tlog
c:\c++\kangsia\dhspring\dhspring\debug\dhspring.tlog\cl.write.1.tlog
c:\c++\kangsia\dhspring\dhspring\debug\dhspring.tlog\custombuild.command.1.tlog
c:\c++\kangsia\dhspring\dhspring\debug\dhspring.tlog\custombuild.read.1.tlog
c:\c++\kangsia\dhspring\dhspring\debug\dhspring.tlog\custombuild.write.1.tlog
c:\c++\kangsia\dhspring\dhspring\debug\dhspring.tlog\link.command.1.tlog
c:\c++\kangsia\dhspring\dhspring\debug\dhspring.tlog\link.read.1.tlog
c:\c++\kangsia\dhspring\dhspring\debug\dhspring.tlog\link.write.1.tlog
