c:\c++\kangsia\parview\parview\debug\vc120.pdb
c:\c++\kangsia\parview\parview\debug\moc_demsimulation.obj
c:\c++\kangsia\parview\parview\debug\moc_contactcoefficienttable.obj
c:\c++\kangsia\parview\parview\debug\view_rectangle.obj
c:\c++\kangsia\parview\parview\debug\view_plane.obj
c:\c++\kangsia\parview\parview\debug\view_particles.obj
c:\c++\kangsia\parview\parview\debug\view_object.obj
c:\c++\kangsia\parview\parview\debug\view_mass.obj
c:\c++\kangsia\parview\parview\debug\view_line.obj
c:\c++\kangsia\parview\parview\debug\view_cube.obj
c:\c++\kangsia\parview\parview\debug\view_controller.obj
c:\c++\kangsia\parview\parview\debug\view_bonddata.obj
c:\c++\kangsia\parview\parview\debug\solvedialog.obj
c:\c++\kangsia\parview\parview\debug\shader.obj
c:\c++\kangsia\parview\parview\debug\parview.obj
c:\c++\kangsia\parview\parview\debug\particleinfodialog.obj
c:\c++\kangsia\parview\parview\debug\main.obj
c:\c++\kangsia\parview\parview\debug\object.obj
c:\c++\kangsia\parview\parview\debug\glwidget.obj
c:\c++\kangsia\parview\parview\debug\demsimulation.obj
c:\c++\kangsia\parview\parview\debug\contactcoefficienttable.obj
c:\c++\kangsia\parview\parview\debug\view_shape.obj
c:\c++\kangsia\parview\parview\debug\moc_view_particles.obj
c:\c++\kangsia\parview\parview\debug\moc_view_cube.obj
c:\c++\kangsia\parview\parview\debug\moc_solvedialog.obj
c:\c++\kangsia\parview\parview\debug\moc_parview.obj
c:\c++\kangsia\parview\parview\debug\moc_particleinfodialog.obj
c:\c++\kangsia\parview\parview\debug\moc_object.obj
c:\c++\kangsia\parview\parview\debug\moc_glwidget.obj
c:\c++\kangsia\parview\parview\debug\qrc_parview.obj
c:\c++\kangsia\parview\parview\generatedfiles\ui_parview.h
c:\c++\kangsia\parview\parview\generatedfiles\debug\moc_parview.cpp
c:\c++\kangsia\parview\parview\generatedfiles\qrc_parview.cpp
c:\c++\kangsia\parview\parview\generatedfiles\debug\moc_particleinfodialog.cpp
c:\c++\kangsia\parview\parview\generatedfiles\debug\moc_demsimulation.cpp
c:\c++\kangsia\parview\parview\generatedfiles\debug\moc_contactcoefficienttable.cpp
c:\c++\kangsia\parview\parview\generatedfiles\debug\moc_solvedialog.cpp
c:\c++\kangsia\parview\parview\generatedfiles\debug\moc_object.cpp
c:\c++\kangsia\parview\parview\generatedfiles\debug\moc_view_cube.cpp
c:\c++\kangsia\parview\parview\generatedfiles\debug\moc_view_particles.cpp
c:\c++\kangsia\parview\parview\generatedfiles\debug\moc_glwidget.cpp
c:\c++\kangsia\bin\debug\parview.ilk
c:\c++\kangsia\bin\debug\parview.exe
c:\c++\kangsia\bin\debug\parview.pdb
c:\c++\kangsia\parview\parview\debug\cu_dem_def.cu.cache
c:\c++\kangsia\parview\parview\debug\cu_dem_def.cu.obj
c:\c++\kangsia\parview\parview\..\..\bin\debug\parview.exe
c:\c++\kangsia\parview\parview\debug\parview.tlog\cl.command.1.tlog
c:\c++\kangsia\parview\parview\debug\parview.tlog\cl.read.1.tlog
c:\c++\kangsia\parview\parview\debug\parview.tlog\cl.write.1.tlog
c:\c++\kangsia\parview\parview\debug\parview.tlog\custombuild.command.1.tlog
c:\c++\kangsia\parview\parview\debug\parview.tlog\custombuild.read.1.tlog
c:\c++\kangsia\parview\parview\debug\parview.tlog\custombuild.write.1.tlog
c:\c++\kangsia\parview\parview\debug\parview.tlog\link.command.1.tlog
c:\c++\kangsia\parview\parview\debug\parview.tlog\link.read.1.tlog
c:\c++\kangsia\parview\parview\debug\parview.tlog\link.write.1.tlog
