빌드 시작: 2015-12-06 오전 5:00:52
     1>2 노드의 "C:\C++\kangsia\parVIEW\parVIEW\parVIEW.vcxproj" 프로젝트(Build 대상)입니다.
     1>AddCudaCompileDeps:
         C:\Program Files (x86)\Microsoft Visual Studio 12.0\VC\bin\cl.exe /E /nologo /showIncludes /TP /D__CUDACC__ /DUNICODE /DWIN32 /DWIN64 /DQT_DLL /DQT_CORE_LIB /DQT_GUI_LIB /DQT_OPENGL_LIB /DQT_WIDGETS_LIB /I.\GeneratedFiles /I. /IC:\Qt\5.4\msvc2013_opengl\include /I.\GeneratedFiles\Debug /IC:\Qt\5.4\msvc2013_opengl\include\QtCore /IC:\Qt\5.4\msvc2013_opengl\include\QtGui /IC:\Qt\5.4\msvc2013_opengl\include\QtOpenGL /IC:\Qt\5.4\msvc2013_opengl\include\QtWidgets /IC:\C++\kangsia\common\inc\Qt /IC:\C++\kangsia\common\inc /I"C:\Program Files\NVIDIA GPU Computing Toolkit\CUDA\v7.5\include" /I"C:\ProgramData\NVIDIA Corporation\CUDA Samples\v7.5\common\inc" /I"C:\Program Files\NVIDIA GPU Computing Toolkit\CUDA\v7.5\include" /I"C:\Program Files\NVIDIA GPU Computing Toolkit\CUDA\v7.5\bin" /I"C:\Program Files\NVIDIA GPU Computing Toolkit\CUDA\v7.5\include" /I. /FIcuda_runtime.h /c C:\C++\kangsia\common\source\cu_dem_def.cu 
       CudaBuild:
         Compiling CUDA source file ..\..\common\source\cu_dem_def.cu...
         cmd.exe /C "C:\Users\PC\AppData\Local\Temp\tmp06c0b4ead6ae4e008bbfe7c837f2cd01.cmd"
         "C:\Program Files\NVIDIA GPU Computing Toolkit\CUDA\v7.5\bin\nvcc.exe" -gencode=arch=compute_35,code=\"sm_35,compute_35\" --use-local-env --cl-version 2013 -ccbin "C:\Program Files (x86)\Microsoft Visual Studio 12.0\VC\bin"  -I.\GeneratedFiles -I. -IC:\Qt\5.4\msvc2013_opengl\include -I.\GeneratedFiles\Debug -IC:\Qt\5.4\msvc2013_opengl\include\QtCore -IC:\Qt\5.4\msvc2013_opengl\include\QtGui -IC:\Qt\5.4\msvc2013_opengl\include\QtOpenGL -IC:\Qt\5.4\msvc2013_opengl\include\QtWidgets -IC:\C++\kangsia\common\inc\Qt -IC:\C++\kangsia\common\inc -I"C:\Program Files\NVIDIA GPU Computing Toolkit\CUDA\v7.5\include" -I"C:\ProgramData\NVIDIA Corporation\CUDA Samples\v7.5\common\inc" -I"C:\Program Files\NVIDIA GPU Computing Toolkit\CUDA\v7.5\include" -I"C:\Program Files\NVIDIA GPU Computing Toolkit\CUDA\v7.5\include"  -G   --keep-dir Debug -maxrregcount=0  --machine 32 --compile -cudart static  -g   -DUNICODE -DWIN32 -DWIN64 -DQT_DLL -DQT_CORE_LIB -DQT_GUI_LIB -DQT_OPENGL_LIB -DQT_WIDGETS_LIB -Xcompiler "/EHsc /W1 /nologo /Od /Zi  /MDd " -o Debug\cu_dem_def.cu.obj "C:\C++\kangsia\common\source\cu_dem_def.cu"
         
         C:\C++\kangsia\parVIEW\parVIEW>"C:\Program Files\NVIDIA GPU Computing Toolkit\CUDA\v7.5\bin\nvcc.exe" -gencode=arch=compute_35,code=\"sm_35,compute_35\" --use-local-env --cl-version 2013 -ccbin "C:\Program Files (x86)\Microsoft Visual Studio 12.0\VC\bin"  -I.\GeneratedFiles -I. -IC:\Qt\5.4\msvc2013_opengl\include -I.\GeneratedFiles\Debug -IC:\Qt\5.4\msvc2013_opengl\include\QtCore -IC:\Qt\5.4\msvc2013_opengl\include\QtGui -IC:\Qt\5.4\msvc2013_opengl\include\QtOpenGL -IC:\Qt\5.4\msvc2013_opengl\include\QtWidgets -IC:\C++\kangsia\common\inc\Qt -IC:\C++\kangsia\common\inc -I"C:\Program Files\NVIDIA GPU Computing Toolkit\CUDA\v7.5\include" -I"C:\ProgramData\NVIDIA Corporation\CUDA Samples\v7.5\common\inc" -I"C:\Program Files\NVIDIA GPU Computing Toolkit\CUDA\v7.5\include" -I"C:\Program Files\NVIDIA GPU Computing Toolkit\CUDA\v7.5\include"  -G   --keep-dir Debug -maxrregcount=0  --machine 32 --compile -cudart static  -g   -DUNICODE -DWIN32 -DWIN64 -DQT_DLL -DQT_CORE_LIB -DQT_GUI_LIB -DQT_OPENGL_LIB -DQT_WIDGETS_LIB -Xcompiler "/EHsc /W1 /nologo /Od /Zi  /MDd " -o Debug\cu_dem_def.cu.obj "C:\C++\kangsia\common\source\cu_dem_def.cu" 
     1>C:\Program Files\NVIDIA GPU Computing Toolkit\CUDA\v7.5\include\thrust/system/cuda/detail/bulk/algorithm/sort.hpp(65): warning C4819: 현재 코드 페이지(949)에서 표시할 수 없는 문자가 파일에 들어 있습니다. 데이터가 손실되지 않게 하려면 해당 파일을 유니코드 형식으로 저장하십시오.
         cu_dem_def.cu
     1>C:\Program Files\NVIDIA GPU Computing Toolkit\CUDA\v7.5\include\thrust/detail/allocator/allocator_traits.h(70): warning C4819: 현재 코드 페이지(949)에서 표시할 수 없는 문자가 파일에 들어 있습니다. 데이터가 손실되지 않게 하려면 해당 파일을 유니코드 형식으로 저장하십시오.
       Link:
         C:\Program Files (x86)\Microsoft Visual Studio 12.0\VC\bin\link.exe /ERRORREPORT:PROMPT /OUT:"..\..\bin\debug\\parVIEW.exe" /NOLOGO /LIBPATH:C:\Qt\5.4\msvc2013_opengl\lib /LIBPATH:C:\C++\kangsia\lib /LIBPATH:"C:\Program Files\NVIDIA GPU Computing Toolkit\CUDA\v7.5\lib" /LIBPATH:"C:\Program Files\NVIDIA GPU Computing Toolkit\CUDA\v7.5\lib\Win32" cudart.lib freeglut.lib glew32.lib qtmaind.lib Qt5Cored.lib Qt5Guid.lib Qt5OpenGLd.lib opengl32.lib glu32.lib Qt5Widgetsd.lib kernel32.lib user32.lib gdi32.lib winspool.lib comdlg32.lib advapi32.lib shell32.lib ole32.lib oleaut32.lib uuid.lib odbc32.lib odbccp32.lib /MANIFEST /MANIFESTUAC:"level='asInvoker' uiAccess='false'" /manifest:embed /DEBUG /PDB:"..\..\bin\debug\parVIEW.pdb" /SUBSYSTEM:WINDOWS /TLBID:1 /DYNAMICBASE /NXCOMPAT /IMPLIB:"..\..\bin\debug\parVIEW.lib" /MACHINE:X86 /SAFESEH Debug\cu_dem_def.cu.obj
         Debug\contactCoefficientTable.obj
         Debug\DemSimulation.obj
         Debug\glwidget.obj
         Debug\Object.obj
         Debug\main.obj
         Debug\particleInfoDialog.obj
         Debug\parview.obj
         Debug\shader.obj
         Debug\solveDialog.obj
         Debug\view_bondData.obj
         Debug\view_controller.obj
         Debug\view_cube.obj
         Debug\view_line.obj
         Debug\view_mass.obj
         Debug\view_object.obj
         Debug\view_particles.obj
         Debug\view_plane.obj
         Debug\view_rectangle.obj
         Debug\moc_contactCoefficientTable.obj
         Debug\moc_DemSimulation.obj
         Debug\moc_glwidget.obj
         Debug\moc_Object.obj
         Debug\moc_particleInfoDialog.obj
         Debug\moc_parview.obj
         Debug\moc_solveDialog.obj
         Debug\moc_view_cube.obj
         Debug\moc_view_particles.obj
         Debug\qrc_parview.obj
         Debug\view_shape.obj
         parVIEW.vcxproj -> C:\C++\kangsia\parVIEW\parVIEW\..\..\bin\debug\parVIEW.exe
     1>"C:\C++\kangsia\parVIEW\parVIEW\parVIEW.vcxproj" 프로젝트를 빌드했습니다(Build 대상).

빌드했습니다.

경과 시간: 00:00:28.94
