빌드 시작: 2015-08-07 오후 3:58:16
     1>2 노드의 "C:\C++\kangsia\DHSpring\DHSpring\DHSpring.vcxproj" 프로젝트(Build 대상)입니다.
     1>ClCompile:
         C:\Program Files (x86)\Microsoft Visual Studio 12.0\VC\bin\CL.exe /c /I.\GeneratedFiles /I. /IC:\Qt\5.4\msvc2013_opengl\\include /I.\GeneratedFiles\Release /IC:\Qt\5.4\msvc2013_opengl\\include\QtCore /IC:\Qt\5.4\msvc2013_opengl\\include\QtGui /IC:\Qt\5.4\msvc2013_opengl\\include\QtWidgets /IC:\C++\kangsia\common\inc\DHSpring /IC:\C++\kangsia\common\inc /nologo /W1 /WX- /O2 /Oy- /D _USE_MATH_DEFINES /D UNICODE /D WIN32 /D WIN64 /D QT_DLL /D QT_NO_DEBUG /D NDEBUG /D QT_CORE_LIB /D QT_GUI_LIB /D QT_WIDGETS_LIB /Gm- /EHsc /MD /GS /fp:precise /Zc:wchar_t /Zc:forScope /Fo"Release\\" /Fd"Release\vc120.pdb" /Gd /TP /analyze- /errorReport:prompt ..\..\common\source\DHSpring\ZoomSpringImageDialog.cpp
         ZoomSpringImageDialog.cpp
       Link:
         C:\Program Files (x86)\Microsoft Visual Studio 12.0\VC\bin\link.exe /ERRORREPORT:PROMPT /OUT:"C:\C++\kangsia\DHSpring\Win32\Release\\DHSpring.exe" /NOLOGO /LIBPATH:C:\Qt\5.4\msvc2013_opengl\\lib /LIBPATH:C:\C++\kangsia\lib libf2c.lib blas.lib lapack.lib qtmain.lib Qt5Core.lib Qt5Gui.lib Qt5Widgets.lib kernel32.lib user32.lib gdi32.lib winspool.lib comdlg32.lib advapi32.lib shell32.lib ole32.lib oleaut32.lib uuid.lib odbc32.lib odbccp32.lib /MANIFEST /MANIFESTUAC:"level='asInvoker' uiAccess='false'" /manifest:embed /PDB:"C:\C++\kangsia\DHSpring\Win32\Release\DHSpring.pdb" /SUBSYSTEM:WINDOWS /TLBID:1 /DYNAMICBASE /NXCOMPAT /IMPLIB:"C:\C++\kangsia\DHSpring\Win32\Release\DHSpring.lib" /MACHINE:X86 /SAFESEH Release\dh_solver.obj
         Release\resultTable.obj
         Release\ZoomSpringImageDialog.obj
         Release\dhspring.obj
         Release\qrc_dhspring.obj
         Release\moc_dhspring.obj
         Release\moc_dh_solver.obj
         Release\moc_resultTable.obj
         Release\moc_ZoomSpringImageDialog.obj
         Release\main.obj
         DHSpring.vcxproj -> C:\C++\kangsia\DHSpring\Win32\Release\DHSpring.exe
     1>"C:\C++\kangsia\DHSpring\DHSpring\DHSpring.vcxproj" 프로젝트를 빌드했습니다(Build 대상).

빌드했습니다.

경과 시간: 00:00:00.87
