c:\c++\kangsia\parview\parview\release\view_shape.obj
c:\c++\kangsia\parview\parview\release\moc_parview.obj
c:\c++\kangsia\parview\parview\release\moc_particleinfodialog.obj
c:\c++\kangsia\parview\parview\release\moc_object.obj
c:\c++\kangsia\parview\parview\release\moc_glwidget.obj
c:\c++\kangsia\parview\parview\release\view_rectangle.obj
c:\c++\kangsia\parview\parview\release\view_plane.obj
c:\c++\kangsia\parview\parview\release\view_particles.obj
c:\c++\kangsia\parview\parview\release\view_object.obj
c:\c++\kangsia\parview\parview\release\view_mass.obj
c:\c++\kangsia\parview\parview\release\view_line.obj
c:\c++\kangsia\parview\parview\release\view_cube.obj
c:\c++\kangsia\parview\parview\release\view_controller.obj
c:\c++\kangsia\parview\parview\release\view_bonddata.obj
c:\c++\kangsia\parview\parview\release\shader.obj
c:\c++\kangsia\parview\parview\release\parview.obj
c:\c++\kangsia\parview\parview\release\main.obj
c:\c++\kangsia\parview\parview\release\object.obj
c:\c++\kangsia\parview\parview\release\glwidget.obj
c:\c++\kangsia\parview\parview\release\particleinfodialog.obj
c:\c++\kangsia\parview\parview\release\qrc_parview.obj
c:\c++\kangsia\parview\parview\generatedfiles\ui_parview.h
c:\c++\kangsia\parview\parview\generatedfiles\release\moc_parview.cpp
c:\c++\kangsia\parview\parview\generatedfiles\qrc_parview.cpp
c:\c++\kangsia\parview\parview\generatedfiles\release\moc_particleinfodialog.cpp
c:\c++\kangsia\parview\parview\generatedfiles\release\moc_object.cpp
c:\c++\kangsia\parview\parview\generatedfiles\release\moc_glwidget.cpp
c:\c++\kangsia\bin\release\parview.exe
c:\c++\kangsia\parview\parview\..\..\bin\release\parview.exe
c:\c++\kangsia\parview\parview\release\parview.tlog\cl.command.1.tlog
c:\c++\kangsia\parview\parview\release\parview.tlog\cl.read.1.tlog
c:\c++\kangsia\parview\parview\release\parview.tlog\cl.write.1.tlog
c:\c++\kangsia\parview\parview\release\parview.tlog\custombuild.command.1.tlog
c:\c++\kangsia\parview\parview\release\parview.tlog\custombuild.read.1.tlog
c:\c++\kangsia\parview\parview\release\parview.tlog\custombuild.write.1.tlog
c:\c++\kangsia\parview\parview\release\parview.tlog\link.command.1.tlog
c:\c++\kangsia\parview\parview\release\parview.tlog\link.read.1.tlog
c:\c++\kangsia\parview\parview\release\parview.tlog\link.write.1.tlog
