빌드 시작: 2015-12-10 오전 10:40:04
     1>2 노드의 "C:\C++\kangsia\parVIEW\parVIEW\parVIEW.vcxproj" 프로젝트(Build 대상)입니다.
     1>CudaBuild:
         Skipping CUDA source file ..\..\common\source\cu_dem_def.cu (excluded from build).
       ClCompile:
         C:\Program Files (x86)\Microsoft Visual Studio 12.0\VC\bin\CL.exe /c /I.\GeneratedFiles /I. /IC:\Qt\5.4\msvc2013_opengl\include /I.\GeneratedFiles\Release /IC:\Qt\5.4\msvc2013_opengl\include\QtCore /IC:\Qt\5.4\msvc2013_opengl\include\QtGui /IC:\Qt\5.4\msvc2013_opengl\include\QtOpenGL /IC:\Qt\5.4\msvc2013_opengl\include\QtWidgets /IC:\C++\kangsia\common\inc /IC:\C++\kangsia\common\inc\Qt /I"C:\Program Files\NVIDIA GPU Computing Toolkit\CUDA\v7.0\include" /I"C:\ProgramData\NVIDIA Corporation\CUDA Samples\v7.0\common\inc" /I"C:\Program Files\NVIDIA GPU Computing Toolkit\CUDA\v7.0\include" /nologo /W1 /WX- /O2 /Oy- /D _USE_MATH_DEFINES /D UNICODE /D WIN32 /D WIN64 /D QT_DLL /D QT_NO_DEBUG /D NDEBUG /D QT_CORE_LIB /D QT_GUI_LIB /D QT_OPENGL_LIB /D QT_WIDGETS_LIB /Gm- /EHsc /MD /GS /fp:precise /Zc:wchar_t /Zc:forScope /Fo"Release\\" /Fd"Release\vc120.pdb" /Gd /TP /analyze- /errorReport:prompt ..\..\common\source\contactCoefficientTable.cpp ..\..\common\source\DEM\DemSimulation.cpp ..\..\common\source\glwidget.cpp ..\..\common\source\Object.cpp ..\..\common\source\Qt\main.cpp ..\..\common\source\Qt\particleInfoDialog.cpp ..\..\common\source\Qt\parview.cpp ..\..\common\source\shader.cpp ..\..\common\source\solveDialog.cpp ..\..\common\source\view_bondData.cpp ..\..\common\source\view_controller.cpp ..\..\common\source\view_cube.cpp ..\..\common\source\view_line.cpp ..\..\common\source\view_mass.cpp ..\..\common\source\view_object.cpp ..\..\common\source\view_particles.cpp ..\..\common\source\view_plane.cpp ..\..\common\source\view_rectangle.cpp GeneratedFiles\Release\moc_contactCoefficientTable.cpp GeneratedFiles\Release\moc_DemSimulation.cpp GeneratedFiles\Release\moc_glwidget.cpp GeneratedFiles\Release\moc_Object.cpp GeneratedFiles\Release\moc_particleInfoDialog.cpp GeneratedFiles\Release\moc_parview.cpp GeneratedFiles\Release\moc_solveDialog.cpp GeneratedFiles\Release\moc_view_cube.cpp GeneratedFiles\Release\moc_view_particles.cpp view_shape.cpp
         contactCoefficientTable.cpp
         DemSimulation.cpp
         glwidget.cpp
         Object.cpp
         main.cpp
         particleInfoDialog.cpp
         parview.cpp
         shader.cpp
         solveDialog.cpp
         view_bondData.cpp
         view_controller.cpp
         view_cube.cpp
         view_line.cpp
         view_mass.cpp
         view_object.cpp
         view_particles.cpp
         view_plane.cpp
         view_rectangle.cpp
         moc_contactCoefficientTable.cpp
         moc_DemSimulation.cpp
         코드를 생성하고 있습니다...
         컴파일하고 있습니다...
         moc_glwidget.cpp
         moc_Object.cpp
         moc_particleInfoDialog.cpp
         moc_parview.cpp
         moc_solveDialog.cpp
         moc_view_cube.cpp
         moc_view_particles.cpp
         view_shape.cpp
         코드를 생성하고 있습니다...
         C:\Program Files (x86)\Microsoft Visual Studio 12.0\VC\bin\CL.exe /c /I.\GeneratedFiles /I. /IC:\Qt\5.4\msvc2013_opengl\include /I.\GeneratedFiles\Release /IC:\Qt\5.4\msvc2013_opengl\include\QtCore /IC:\Qt\5.4\msvc2013_opengl\include\QtGui /IC:\Qt\5.4\msvc2013_opengl\include\QtOpenGL /IC:\Qt\5.4\msvc2013_opengl\include\QtWidgets /IC:\C++\kangsia\common\inc /IC:\C++\kangsia\common\inc\Qt /I"C:\Program Files\NVIDIA GPU Computing Toolkit\CUDA\v7.0\include" /I"C:\ProgramData\NVIDIA Corporation\CUDA Samples\v7.0\common\inc" /I"C:\Program Files\NVIDIA GPU Computing Toolkit\CUDA\v7.0\include" /nologo /W1 /WX- /O2 /Oy- /D _USE_MATH_DEFINES /D UNICODE /D WIN32 /D WIN64 /D QT_DLL /D QT_NO_DEBUG /D NDEBUG /D QT_CORE_LIB /D QT_GUI_LIB /D QT_OPENGL_LIB /D QT_WIDGETS_LIB /Gm- /EHsc /MD /GS /fp:precise /Zc:wchar_t /Zc:forScope /Fo"Release\\" /Fd"Release\vc120.pdb" /Gd /TP /analyze- /errorReport:prompt GeneratedFiles\qrc_parview.cpp
         qrc_parview.cpp
       Link:
         C:\Program Files (x86)\Microsoft Visual Studio 12.0\VC\bin\link.exe /ERRORREPORT:PROMPT /OUT:"..\..\bin\release\\parVIEW.exe" /NOLOGO /LIBPATH:C:\Qt\5.4\msvc2013_opengl\lib /LIBPATH:C:\C++\kangsia\lib /LIBPATH:"C:\Program Files\NVIDIA GPU Computing Toolkit\CUDA\v7.0\lib" /LIBPATH:"C:\Program Files\NVIDIA GPU Computing Toolkit\CUDA\v7.0\lib\Win32" cudart.lib freeglut.lib glew32.lib qtmain.lib Qt5Core.lib Qt5Gui.lib Qt5OpenGL.lib opengl32.lib glu32.lib Qt5Widgets.lib kernel32.lib user32.lib gdi32.lib winspool.lib comdlg32.lib advapi32.lib shell32.lib ole32.lib oleaut32.lib uuid.lib odbc32.lib odbccp32.lib /MANIFEST /MANIFESTUAC:"level='asInvoker' uiAccess='false'" /manifest:embed /PDB:"..\..\bin\release\parVIEW.pdb" /SUBSYSTEM:WINDOWS /TLBID:1 /DYNAMICBASE /NXCOMPAT /IMPLIB:"..\..\bin\release\parVIEW.lib" /MACHINE:X86 /SAFESEH Release\contactCoefficientTable.obj
         Release\DemSimulation.obj
         Release\glwidget.obj
         Release\Object.obj
         Release\main.obj
         Release\particleInfoDialog.obj
         Release\parview.obj
         Release\shader.obj
         Release\solveDialog.obj
         Release\view_bondData.obj
         Release\view_controller.obj
         Release\view_cube.obj
         Release\view_line.obj
         Release\view_mass.obj
         Release\view_object.obj
         Release\view_particles.obj
         Release\view_plane.obj
         Release\view_rectangle.obj
         Release\qrc_parview.obj
         Release\moc_contactCoefficientTable.obj
         Release\moc_DemSimulation.obj
         Release\moc_glwidget.obj
         Release\moc_Object.obj
         Release\moc_particleInfoDialog.obj
         Release\moc_parview.obj
         Release\moc_solveDialog.obj
         Release\moc_view_cube.obj
         Release\moc_view_particles.obj
         Release\view_shape.obj
         parVIEW.vcxproj -> C:\C++\kangsia\parVIEW\parVIEW\..\..\bin\release\parVIEW.exe
     1>"C:\C++\kangsia\parVIEW\parVIEW\parVIEW.vcxproj" 프로젝트를 빌드했습니다(Build 대상).

빌드했습니다.

경과 시간: 00:00:24.82
