c:\c++\kangsia\parsim3\parsim3\debug\vc120.pdb
c:\c++\kangsia\parsim3\parsim3\debug\vc120.idb
c:\c++\kangsia\parsim3\parsim3\debug\cell_grid.obj
c:\c++\kangsia\parsim3\parsim3\debug\couplingsystem.obj
c:\c++\kangsia\parsim3\parsim3\debug\demsimulation.obj
c:\c++\kangsia\parsim3\parsim3\debug\dem_force.obj
c:\c++\kangsia\parsim3\parsim3\debug\euler_integrator.obj
c:\c++\kangsia\parsim3\parsim3\debug\file_system.obj
c:\c++\kangsia\parsim3\parsim3\debug\force.obj
c:\c++\kangsia\parsim3\parsim3\debug\geometry.obj
c:\c++\kangsia\parsim3\parsim3\debug\hht_integrator.obj
c:\c++\kangsia\parsim3\parsim3\debug\integrator.obj
c:\c++\kangsia\parsim3\parsim3\debug\log.obj
c:\c++\kangsia\parsim3\parsim3\debug\main.obj
c:\c++\kangsia\parsim3\parsim3\debug\particles.obj
c:\c++\kangsia\parsim3\parsim3\debug\simulation.obj
c:\c++\kangsia\parsim3\parsim3\debug\verlet_integrator.obj
c:\c++\kangsia\parsim3\parsim3\debug\writer.obj
c:\c++\kangsia\parsim3\parsim3\debug\appliedforceelement.obj
c:\c++\kangsia\parsim3\parsim3\debug\constraintcalculator.obj
c:\c++\kangsia\parsim3\parsim3\debug\driving_constraint.obj
c:\c++\kangsia\parsim3\parsim3\debug\forcecalculator.obj
c:\c++\kangsia\parsim3\parsim3\debug\kinematic_constraint.obj
c:\c++\kangsia\parsim3\parsim3\debug\masscalculator.obj
c:\c++\kangsia\parsim3\parsim3\debug\mbdsimulation.obj
c:\c++\kangsia\parsim3\parsim3\debug\pointmass.obj
c:\c++\kangsia\parsim3\parsim3\debug\rigid_body.obj
c:\c++\kangsia\parsim3\parsim3\debug\parabola_predictor.obj
c:\c++\kangsia\bin\debug\parsim3.ilk
c:\c++\kangsia\bin\debug\parsim3.exe
c:\c++\kangsia\bin\debug\parsim3.pdb
c:\c++\kangsia\parsim3\parsim3\debug\cu_dem_def.cu.cache
c:\c++\kangsia\parsim3\parsim3\debug\cu_dem_def.cu.obj
c:\c++\kangsia\parsim3\parsim3\..\..\bin\debug\parsim3.exe
c:\c++\kangsia\parsim3\parsim3\debug\parsim3.tlog\cl.command.1.tlog
c:\c++\kangsia\parsim3\parsim3\debug\parsim3.tlog\cl.read.1.tlog
c:\c++\kangsia\parsim3\parsim3\debug\parsim3.tlog\cl.write.1.tlog
c:\c++\kangsia\parsim3\parsim3\debug\parsim3.tlog\link.command.1.tlog
c:\c++\kangsia\parsim3\parsim3\debug\parsim3.tlog\link.read.1.tlog
c:\c++\kangsia\parsim3\parsim3\debug\parsim3.tlog\link.write.1.tlog
